<?xml version="1.0" encoding="UTF-8"?>
<!-- Generated by org.testng.reporters.JUnitReportReporter -->
<testsuite skipped="0" hostname="Jagseer" name="aa.Second" tests="1" failures="0" timestamp="2020-06-12T20:01:21 IST" time="0.037" errors="0">
  <testcase name="Method3" time="0.037" classname="aa.Second"/>
  <system-out/>
</testsuite> <!-- aa.Second -->
