<?xml version="1.0" encoding="UTF-8"?>
<!-- Generated by org.testng.reporters.JUnitReportReporter -->
<testsuite skipped="0" hostname="Jagseer" name="First" tests="1" failures="0" timestamp="2020-06-07T22:02:43 IST" time="9.772" errors="0">
  <testcase name="Method1" time="9.772" classname="First"/>
  <system-out/>
</testsuite> <!-- First -->
