<?xml version="1.0" encoding="UTF-8"?>
<!-- Generated by org.testng.reporters.JUnitReportReporter -->
<testsuite skipped="0" hostname="Jagseer" name="Loans.Login" tests="2" failures="0" timestamp="2020-06-06T12:43:52 IST" time="0.008" errors="0">
  <testcase name="Web" time="0.004" classname="Loans.Login"/>
  <system-out/>
  <testcase name="Mobile" time="0.004" classname="Loans.Login"/>
  <system-out/>
</testsuite> <!-- Loans.Login -->
