<?xml version="1.0" encoding="UTF-8"?>
<!-- Generated by org.testng.reporters.JUnitReportReporter -->
<testsuite skipped="0" hostname="Jagseer" name="Loans.Home" tests="1" failures="0" timestamp="2020-06-06T12:43:52 IST" time="0.016" errors="0">
  <testcase name="Homepage" time="0.016" classname="Loans.Home"/>
  <system-out/>
</testsuite> <!-- Loans.Home -->
