<?xml version="1.0" encoding="UTF-8"?>
<!-- Generated by org.testng.reporters.JUnitReportReporter -->
<testsuite skipped="0" hostname="Jagseer" name="Loans.Password" tests="2" failures="0" timestamp="2020-06-06T12:43:52 IST" time="0.008" errors="0">
  <testcase name="MobilePass" time="0.004" classname="Loans.Password"/>
  <system-out/>
  <testcase name="WebPass" time="0.004" classname="Loans.Password"/>
  <system-out/>
</testsuite> <!-- Loans.Password -->
