<?xml version="1.0" encoding="UTF-8"?>
<!-- Generated by org.testng.reporters.JUnitReportReporter -->
<testsuite skipped="0" hostname="Jagseer" name="maventest.Jagseer2.AppiumTest" tests="3" failures="0" timestamp="2020-06-12T23:36:37 IST" time="0.047" errors="0">
  <testcase name="method6" time="0.000" classname="maventest.Jagseer2.AppiumTest"/>
  <system-out/>
  <testcase name="method5" time="0.031" classname="maventest.Jagseer2.AppiumTest"/>
  <system-out/>
  <testcase name="method9" time="0.016" classname="maventest.Jagseer2.AppiumTest"/>
  <system-out/>
</testsuite> <!-- maventest.Jagseer2.AppiumTest -->
