<?xml version="1.0" encoding="UTF-8"?>
<!-- Generated by org.testng.reporters.JUnitReportReporter -->
<testsuite skipped="0" hostname="Jagseer" name="testing.App" tests="1" failures="0" timestamp="23 Jun 2020 11:12:43 GMT" time="0.052" errors="0">
  <testcase name="test1" time="0.052" classname="testing.App"/>
</testsuite> <!-- testing.App -->
