<?xml version="1.0" encoding="UTF-8"?>
<!-- Generated by org.testng.reporters.JUnitReportReporter -->
<testsuite skipped="0" hostname="Jagseer" name="Practical.RealProject.ValidationTitles" tests="1" failures="0" timestamp="15 Jun 2020 08:36:21 GMT" time="0.180" errors="0">
  <testcase name="ValidateText" time="0.180" classname="Practical.RealProject.ValidationTitles"/>
</testsuite> <!-- Practical.RealProject.ValidationTitles -->
