<?xml version="1.0" encoding="UTF-8"?>
<!-- Generated by org.testng.reporters.JUnitReportReporter -->
<testsuite skipped="0" hostname="Jagseer" name="Practical.RealProject.LandingPage" tests="2" failures="0" timestamp="14 Jun 2020 09:21:37 GMT" time="22.361" errors="0">
  <testcase name="VerifyUser" time="9.322" classname="Practical.RealProject.LandingPage"/>
  <testcase name="VerifyUser" time="13.039" classname="Practical.RealProject.LandingPage"/>
</testsuite> <!-- Practical.RealProject.LandingPage -->
