<?xml version="1.0" encoding="UTF-8"?>
<!-- Generated by org.testng.reporters.JUnitReportReporter -->
<testsuite skipped="0" hostname="Jagseer" name="Practical.RealProject.ValidationNav" tests="1" failures="0" timestamp="15 Jun 2020 06:15:32 GMT" time="0.084" errors="0">
  <testcase name="ValidateNav" time="0.084" classname="Practical.RealProject.ValidationNav"/>
</testsuite> <!-- Practical.RealProject.ValidationNav -->
