<?xml version="1.0" encoding="UTF-8"?>
<!-- Generated by org.testng.reporters.JUnitReportReporter -->
<testsuite skipped="0" hostname="Jagseer" name="Practical.RealProject.LandingPage" tests="2" failures="0" timestamp="15 Jun 2020 06:15:32 GMT" time="32.234" errors="0">
  <testcase name="VerifyUser" time="10.347" classname="Practical.RealProject.LandingPage"/>
  <testcase name="VerifyUser" time="21.887" classname="Practical.RealProject.LandingPage"/>
</testsuite> <!-- Practical.RealProject.LandingPage -->
