<?xml version="1.0" encoding="UTF-8"?>
<!-- Generated by org.testng.reporters.JUnitReportReporter -->
<testsuite skipped="0" hostname="Jagseer" name="maventest.Jagseer2.AppiumTest" tests="2" failures="0" timestamp="10 Jun 2020 14:08:08 GMT" time="0.000" errors="0">
  <testcase name="method5" time="0.000" classname="maventest.Jagseer2.AppiumTest"/>
  <testcase name="method6" time="0.000" classname="maventest.Jagseer2.AppiumTest"/>
</testsuite> <!-- maventest.Jagseer2.AppiumTest -->
