<?xml version="1.0" encoding="UTF-8"?>
<!-- Generated by org.testng.reporters.JUnitReportReporter -->
<testsuite skipped="0" hostname="Jagseer" name="maventest.Jagseer2.sleniumTest" tests="3" failures="0" timestamp="10 Jun 2020 14:08:08 GMT" time="0.000" errors="0">
  <testcase name="method1" time="0.000" classname="maventest.Jagseer2.sleniumTest"/>
  <testcase name="method" time="0.000" classname="maventest.Jagseer2.sleniumTest"/>
  <testcase name="method7" time="0.000" classname="maventest.Jagseer2.sleniumTest"/>
</testsuite> <!-- maventest.Jagseer2.sleniumTest -->
