<?xml version="1.0" encoding="UTF-8"?>
<!-- Generated by org.testng.reporters.JUnitReportReporter -->
<testsuite skipped="0" hostname="Jagseer" name="cucumberoptions.TestRunner" tests="2" failures="0" timestamp="2020-06-19T12:41:46 IST" time="0.281" errors="0">
  <testcase name="runScenario" time="0.015" classname="cucumberoptions.TestRunner"/>
  <system-out/>
  <testcase name="runScenario" time="0.266" classname="cucumberoptions.TestRunner"/>
  <system-out/>
</testsuite> <!-- cucumberoptions.TestRunner -->
